<?xml version="1.0" encoding="UTF-8"?>
<!-- Generated by org.testng.reporters.JUnitReportReporter -->
<testsuite hostname="Aparna" failures="0" tests="2" name="com.myStore.testCases.TC_ProductSearch" time="22.242" errors="0" timestamp="2023-12-10T19:04:08 IST" skipped="0">
  <testcase classname="com.myStore.testCases.TC_ProductSearch" name="verifySearchProduct" time="3.452"/>
  <system-out/>
  <testcase classname="com.myStore.testCases.TC_ProductSearch" name="verifyBuyProduct" time="18.790"/>
  <system-out/>
</testsuite> <!-- com.myStore.testCases.TC_ProductSearch -->
