<?xml version="1.0" encoding="UTF-8"?>
<!-- Generated by org.testng.reporters.JUnitReportReporter -->
<testsuite hostname="Aparna" failures="0" tests="2" name="com.myStore.testCases.TC_AccountCreation" time="2.990" errors="0" timestamp="2023-11-30T15:36:12 IST" skipped="1">
  <testcase classname="com.myStore.testCases.TC_AccountCreation" name="verifyLoginCredential" time="2.990"/>
  <system-out/>
  <testcase classname="com.myStore.testCases.TC_AccountCreation" name="verifyAccountCreation">
    <skipped/>
  </testcase> <!-- verifyAccountCreation -->
  <system-out/>
</testsuite> <!-- com.myStore.testCases.TC_AccountCreation -->
