<?xml version="1.0" encoding="UTF-8"?>
<!-- Generated by org.testng.reporters.JUnitReportReporter -->
<testsuite hostname="Aparna" failures="0" tests="1" name="com.myStore.testCases.TC_AccountPageTest" time="9.170" errors="0" timestamp="2023-11-29T23:05:17 IST" skipped="0">
  <testcase classname="com.myStore.testCases.TC_AccountPageTest" name="verifyRegistrationAndLogin" time="9.170"/>
  <system-out/>
</testsuite> <!-- com.myStore.testCases.TC_AccountPageTest -->
