<?xml version="1.0" encoding="UTF-8"?>
<!-- Generated by org.testng.reporters.JUnitReportReporter -->
<testsuite hostname="Aparna" failures="0" tests="1" name="com.myStore.testCases.TC_AccountPageTest" time="3.003" errors="0" timestamp="2023-12-07T16:23:07 IST" skipped="0">
  <testcase classname="com.myStore.testCases.TC_AccountPageTest" name="verifyRegistrationAndLogin" time="3.003"/>
  <system-out/>
</testsuite> <!-- com.myStore.testCases.TC_AccountPageTest -->
