<?xml version="1.0" encoding="UTF-8"?>
<!-- Generated by org.testng.reporters.JUnitReportReporter -->
<testsuite hostname="Aparna" failures="0" tests="2" name="com.myStore.testCases.TC_AccountCreation" time="3.001" errors="0" timestamp="2023-12-06T16:01:37 IST" skipped="1">
  <testcase classname="com.myStore.testCases.TC_AccountCreation" name="verifyLoginCredential" time="3.001"/>
  <testcase classname="com.myStore.testCases.TC_AccountCreation" name="verifyAccountCreation">
    <skipped/>
  </testcase> <!-- verifyAccountCreation -->
</testsuite> <!-- com.myStore.testCases.TC_AccountCreation -->
