<?xml version="1.0" encoding="UTF-8"?>
<!-- Generated by org.testng.reporters.JUnitReportReporter -->
<testsuite hostname="Aparna" failures="0" tests="1" name="com.myStore.testCases.TC_AccountPageTest" time="1.440" errors="0" timestamp="2023-12-06T16:01:37 IST" skipped="0">
  <testcase classname="com.myStore.testCases.TC_AccountPageTest" name="verifyRegistrationAndLogin" time="1.440"/>
</testsuite> <!-- com.myStore.testCases.TC_AccountPageTest -->
